<?xml version="1.0" encoding="UTF-8"?>
<!-- Generated by org.testng.reporters.JUnitReportReporter -->
<testsuite hostname="RMM-LT-778" name="Page.Assignment" tests="2" failures="0" timestamp="23 Apr 2019 07:36:30 GMT" time="2.916" errors="0">
  <testcase name="TermParking" time="1.714" classname="Page.Assignment"/>
  <testcase name="TermParking" time="1.202" classname="Page.Assignment"/>
</testsuite> <!-- Page.Assignment -->
